<?xml version="1.0" encoding="UTF-8"?>
<!-- Generated by org.testng.reporters.JUnitReportReporter -->
<testsuite skipped="0" hostname="DESKTOP-08J39R4" name="mockarooAutomation.MockarooAutomationProject" tests="4" failures="0" timestamp="27 Jun 2018 15:25:46 GMT" time="10.518" errors="0">
  <testcase name="verifyTitle" time="0.110" classname="mockarooAutomation.MockarooAutomationProject"/>
  <testcase name="generateData" time="0.942" classname="mockarooAutomation.MockarooAutomationProject"/>
  <testcase name="createRows" time="8.236" classname="mockarooAutomation.MockarooAutomationProject"/>
  <testcase name="readFile" time="1.230" classname="mockarooAutomation.MockarooAutomationProject"/>
</testsuite> <!-- mockarooAutomation.MockarooAutomationProject -->
